2022-11-08 23:43:27,079 [main] INFO  [com.cake.framework.log.agent.CakeAgent] - 【CakeLogAgent】install done....
2022-11-08 23:43:27,121 [main] INFO  [com.cake.fast.example.log.Application] - Starting Application using Java 1.8.0_301 on YjxMacBook-Pro.local with PID 50387 (/Users/tutu/workspace/cake/cake-fast-examples/cake-fast-example-log/target/classes started by tutu in /Users/tutu/workspace/cake)
2022-11-08 23:43:27,123 [main] INFO  [com.cake.fast.example.log.Application] - No active profile set, falling back to 1 default profile: "default"
2022-11-08 23:43:28,750 [main] INFO  [org.springframework.boot.web.embedded.tomcat.TomcatWebServer] - Tomcat initialized with port(s): 8080 (http)
2022-11-08 23:43:28,774 [main] INFO  [org.apache.coyote.http11.Http11NioProtocol] - Initializing ProtocolHandler ["http-nio-8080"]
2022-11-08 23:43:28,777 [main] INFO  [org.apache.catalina.core.StandardService] - Starting service [Tomcat]
2022-11-08 23:43:28,778 [main] INFO  [org.apache.catalina.core.StandardEngine] - Starting Servlet engine: [Apache Tomcat/9.0.65]
2022-11-08 23:43:28,960 [main] INFO  [org.apache.catalina.core.ContainerBase.[Tomcat].[localhost].[/]] - Initializing Spring embedded WebApplicationContext
2022-11-08 23:43:28,961 [main] INFO  [org.springframework.boot.web.servlet.context.ServletWebServerApplicationContext] - Root WebApplicationContext: initialization completed in 1715 ms
2022-11-08 23:43:29,680 [main] INFO  [org.apache.coyote.http11.Http11NioProtocol] - Starting ProtocolHandler ["http-nio-8080"]
2022-11-08 23:43:29,740 [main] INFO  [org.springframework.boot.web.embedded.tomcat.TomcatWebServer] - Tomcat started on port(s): 8080 (http) with context path ''
2022-11-08 23:43:29,763 [main] INFO  [com.cake.fast.example.log.Application] - Started Application in 4.091 seconds (JVM running for 4.691)
2022-11-08 23:43:55,138 [main] INFO  [com.cake.framework.log.agent.CakeAgent] - 【CakeLogAgent】install done....
2022-11-08 23:43:55,164 [main] INFO  [com.cake.fast.example.log.Application] - Starting Application using Java 1.8.0_301 on YjxMacBook-Pro.local with PID 50400 (/Users/tutu/workspace/cake/cake-fast-examples/cake-fast-example-log/target/classes started by tutu in /Users/tutu/workspace/cake)
2022-11-08 23:43:55,165 [main] INFO  [com.cake.fast.example.log.Application] - No active profile set, falling back to 1 default profile: "default"
2022-11-08 23:43:56,630 [main] INFO  [org.springframework.boot.web.embedded.tomcat.TomcatWebServer] - Tomcat initialized with port(s): 8080 (http)
2022-11-08 23:43:56,667 [main] INFO  [org.apache.coyote.http11.Http11NioProtocol] - Initializing ProtocolHandler ["http-nio-8080"]
2022-11-08 23:43:56,669 [main] INFO  [org.apache.catalina.core.StandardService] - Starting service [Tomcat]
2022-11-08 23:43:56,670 [main] INFO  [org.apache.catalina.core.StandardEngine] - Starting Servlet engine: [Apache Tomcat/9.0.65]
2022-11-08 23:43:56,891 [main] INFO  [org.apache.catalina.core.ContainerBase.[Tomcat].[localhost].[/]] - Initializing Spring embedded WebApplicationContext
2022-11-08 23:43:56,892 [main] INFO  [org.springframework.boot.web.servlet.context.ServletWebServerApplicationContext] - Root WebApplicationContext: initialization completed in 1641 ms
2022-11-08 23:43:57,408 [main] INFO  [org.apache.coyote.http11.Http11NioProtocol] - Starting ProtocolHandler ["http-nio-8080"]
2022-11-08 23:43:57,440 [main] INFO  [org.springframework.boot.web.embedded.tomcat.TomcatWebServer] - Tomcat started on port(s): 8080 (http) with context path ''
2022-11-08 23:43:57,454 [main] INFO  [com.cake.fast.example.log.Application] - Started Application in 3.568 seconds (JVM running for 4.13)
